<?xml version="1.0" encoding="UTF-8"?>
<testsuite name="SILab2Test" tests="2" skipped="0" failures="0" errors="0" timestamp="2022-05-29T15:46:36" hostname="PCKIRE" time="0.018">
  <properties/>
  <testcase name="EveryStatement()" classname="SILab2Test" time="0.016"/>
  <testcase name="EveryBranch()" classname="SILab2Test" time="0.001"/>
  <system-out><![CDATA[]]></system-out>
  <system-err><![CDATA[]]></system-err>
</testsuite>
